<?xml version="1.0" encoding="UTF-8"?>
<testng-results ignored="0" total="1" passed="1" failed="0" skipped="0">
  <reporter-output>
  </reporter-output>
  <suite started-at="2024-03-16T12:16:19 IST" name="Default suite" finished-at="2024-03-16T12:16:39 IST" duration-ms="19555">
    <groups>
    </groups>
    <test started-at="2024-03-16T12:16:19 IST" name="Default test" finished-at="2024-03-16T12:16:39 IST" duration-ms="19555">
      <class name="Basic.OrganizationTest">
        <test-method signature="creteorganizationTest()[pri:0, instance:Basic.OrganizationTest@942a29c]" started-at="2024-03-16T12:16:19 IST" name="creteorganizationTest" finished-at="2024-03-16T12:16:39 IST" duration-ms="19336" status="PASS">
          <reporter-output>
          </reporter-output>
        </test-method> <!-- creteorganizationTest -->
      </class> <!-- Basic.OrganizationTest -->
    </test> <!-- Default test -->
  </suite> <!-- Default suite -->
</testng-results>
